{ "t":"2021-05-01 00:58:44.184", "info":{
 "event": "CHANGE_LIBRARY_FOLDER",
 "data": {
  "filePaths": [
   "C:\\Games\\SC\\Game"
  ]
 }
} },
{ "t":"2021-05-01 00:58:44.444", "info":{
 "event": "AUTHENTICATION_AUTO_LOGIN"
} },
{ "t":"2021-05-01 00:58:44.444", "info":{
 "event": "AUTHENTICATION_SUCCESSFUL",
 "data": {
  "heapAccountId": {
   "cookie": "_rsi_device",
   "key": "X-RSI-Device"
  }
 }
} },
{ "t":"2021-05-01 00:58:44.451", "info":{
 "event": "INITIALIZATION_SUCCESSFUL"
} },
{ "t":"2021-05-01 00:58:46.358", "info":{
 "event": "SELECT_GAME_SUCCESSFUL",
 "data": {
  "channelId": "LIVE",
  "gameId": "SC",
  "platform": "prod"
 }
} },
{ "t":"2021-05-01 00:58:47.837", "info":{
 "event": "LAUNCH_GAME"
} },
{ "t":"2021-05-01 00:58:48.339", "info":{
 "event": "LAUNCH_GAME_READY",
 "data": {
  "channelId": "LIVE",
  "gameId": "SC",
  "gameToken": "***",
  "platformId": "prod"
 }
} },
{ "t":"2021-05-01 00:58:48.341", "info":"Launching Star Citizen LIVE from (C:\\Games\\SC\\Game\\StarCitizen\\LIVE)" },
{ "t":"2021-05-01 00:58:50.051", "error":"Star Citizen process exited abnormally (code: 3221226505) : Command failed: C:\\Games\\SC\\Game\\StarCitizen\\LIVE\\Bin64\\StarCitizen.exe -no_login_dialog -no_login_dialog\n" },
