{ "t":"2021-05-01 01:02:47.062", "info":{
 "event": "AUTHENTICATION_AUTO_LOGIN"
} },
{ "t":"2021-05-01 01:02:47.063", "info":{
 "event": "AUTHENTICATION_SUCCESSFUL",
 "data": {
  "heapAccountId": {
   "cookie": "_rsi_device",
   "key": "X-RSI-Device"
  }
 }
} },
{ "t":"2021-05-01 01:02:47.068", "info":{
 "event": "INITIALIZATION_SUCCESSFUL"
} },
{ "t":"2021-05-01 01:02:48.809", "info":{
 "event": "SELECT_GAME_SUCCESSFUL",
 "data": {
  "channelId": "LIVE",
  "gameId": "SC",
  "platform": "prod"
 }
} },
{ "t":"2021-05-01 01:03:02.082", "info":{
 "event": "CHANGE_LIBRARY_FOLDER",
 "data": {
  "filePaths": [
   "C:\\Games\\SC\\Game"
  ]
 }
} },
{ "t":"2021-05-01 01:03:02.342", "info":{
 "event": "AUTHENTICATION_AUTO_LOGIN"
} },
{ "t":"2021-05-01 01:03:02.342", "info":{
 "event": "AUTHENTICATION_SUCCESSFUL",
 "data": {
  "heapAccountId": {
   "cookie": "_rsi_device",
   "key": "X-RSI-Device"
  }
 }
} },
{ "t":"2021-05-01 01:03:02.349", "info":{
 "event": "INITIALIZATION_SUCCESSFUL"
} },
{ "t":"2021-05-01 01:03:04.061", "info":{
 "event": "SELECT_GAME_SUCCESSFUL",
 "data": {
  "channelId": "LIVE",
  "gameId": "SC",
  "platform": "prod"
 }
} },
{ "t":"2021-05-01 01:03:05.642", "info":{
 "event": "LAUNCH_GAME"
} },
{ "t":"2021-05-01 01:03:06.470", "info":{
 "event": "LAUNCH_GAME_READY",
 "data": {
  "channelId": "LIVE",
  "gameId": "SC",
  "gameToken": "***",
  "platformId": "prod"
 }
} },
{ "t":"2021-05-01 01:03:06.472", "info":"Launching Star Citizen LIVE from (C:\\Games\\SC\\Game\\StarCitizen\\LIVE)" },
{ "t":"2021-05-01 01:03:10.526", "error":"Star Citizen process exited abnormally (code: 3221225477) : Command failed: C:\\Games\\SC\\Game\\StarCitizen\\LIVE\\Bin64\\StarCitizen.exe -no_login_dialog -no_login_dialog\n" },
